(0000) 3000  0011000000000000 (   1)                 .ORIG x3000
(3000) E05A  1110000001011010 (   3)                 LEA   R0 StudentDetails
(3001) F022  1111000000100010 (   4)                 TRAP  x22
(3002) E07D  1110000001111101 (   6)                 LEA   R0 Question
(3003) F022  1111000000100010 (   7)                 TRAP  x22
(3004) 5020  0101000000100000 (   9)                 AND   R0 R0 #0
(3005) 54A0  0101010010100000 (  10)                 AND   R2 R2 #0
(3006) E63E  1110011000111110 (  12)                 LEA   R3 UserInput
(3007) F020  1111000000100000 (  15) LOOP            TRAP  x20
(3008) 1236  0001001000110110 (  16)                 ADD   R1 R0 #-10
(3009) 0409  0000010000001001 (  17)                 BRZ   OUTSIDE
(300A) 70C0  0111000011000000 (  19)                 STR   R0 R3 #0
(300B) 1B61  0001101101100001 (  20)                 ADD   R5 R5 #1
(300C) 16E1  0001011011100001 (  21)                 ADD   R3 R3 #1
(300D) F021  1111000000100001 (  22)                 TRAP  x21
(300E) 284B  0010100001001011 (  25) SPACECHECKER    LD    R4 SpaceChar
(300F) 1804  0001100000000100 (  26)                 ADD   R4 R0 R4
(3010) 05F6  0000010111110110 (  27)                 BRZ   LOOP
(3011) 14A1  0001010010100001 (  28)                 ADD   R2 R2 #1
(3012) 0FF4  0000111111110100 (  29)                 BRNZP LOOP
(3013) E0AA  1110000010101010 (  32) OUTSIDE         LEA   R0 EnteredAnswer
(3014) F022  1111000000100010 (  33)                 TRAP  x22
(3015) E02F  1110000000101111 (  35)                 LEA   R0 UserInput
(3016) F022  1111000000100010 (  36)                 TRAP  x22
(3017) E0BA  1110000010111010 (  38)                 LEA   R0 NumberOfChar
(3018) F022  1111000000100010 (  39)                 TRAP  x22
(3019) 203F  0010000000111111 (  41)                 LD    R0 CharacterZero
(301A) 1002  0001000000000010 (  42)                 ADD   R0 R0 R2
(301B) F021  1111000000100001 (  43)                 TRAP  x21
(301C) E0C1  1110000011000001 (  45)                 LEA   R0 InTheList
(301D) F022  1111000000100010 (  46)                 TRAP  x22
(301E) 5260  0101001001100000 (  48)                 AND   R1 R1 #0
(301F) 54A0  0101010010100000 (  49)                 AND   R2 R2 #0
(3020) 56E0  0101011011100000 (  50)                 AND   R3 R3 #0
(3021) 5920  0101100100100000 (  51)                 AND   R4 R4 #0
(3022) 197F  0001100101111111 (  53)                 ADD   R4 R5 #-1
(3023) 1B7F  0001101101111111 (  56) OUTERLOOP       ADD   R5 R5 #-1
(3024) 0C0E  0000110000001110 (  57)                 BRNZ  OUTSIDEHERE
(3025) 1D60  0001110101100000 (  58)                 ADD   R6 R5 #0
(3026) E61E  1110011000011110 (  59)                 LEA   R3 UserInput
(3027) 64C0  0110010011000000 (  61) INNERLOOP       LDR   R2 R3 #0
(3028) 62C2  0110001011000010 (  62)                 LDR   R1 R3 #2
(3029) 9E7F  1001111001111111 (  63)                 NOT   R7 R1
(302A) 1FE1  0001111111100001 (  64)                 ADD   R7 R7 #1
(302B) 1E87  0001111010000111 (  65)                 ADD   R7 R2 R7
(302C) 0C02  0000110000000010 (  66)                 BRNZ  NUMBERSSWAPPED
(302D) 72C0  0111001011000000 (  67)                 STR   R1 R3 #0
(302E) 74C2  0111010011000010 (  68)                 STR   R2 R3 #2
(302F) 16E2  0001011011100010 (  70) NUMBERSSWAPPED  ADD   R3 R3 #2
(3030) 1DBE  0001110110111110 (  71)                 ADD   R6 R6 #-2
(3031) 03F5  0000001111110101 (  72)                 BRP   INNERLOOP
(3032) 0FF0  0000111111110000 (  73)                 BRNZP OUTERLOOP
(3033) E0C0  1110000011000000 (  76) OUTSIDEHERE     LEA   R0 SmallestNumberText
(3034) F022  1111000000100010 (  77)                 TRAP  x22
(3035) 56E0  0101011011100000 (  79)                 AND   R3 R3 #0
(3036) E60E  1110011000001110 (  80)                 LEA   R3 UserInput
(3037) 60C0  0110000011000000 (  81)                 LDR   R0 R3 #0
(3038) F021  1111000000100001 (  82)                 TRAP  x21
(3039) E0D3  1110000011010011 (  84)                 LEA   R0 LargestNumberText
(303A) F022  1111000000100010 (  85)                 TRAP  x22
(303B) 56E0  0101011011100000 (  87)                 AND   R3 R3 #0
(303C) E608  1110011000001000 (  88)                 LEA   R3 UserInput
(303D) 16C4  0001011011000100 (  89)                 ADD   R3 R3 R4
(303E) 60C0  0110000011000000 (  90)                 LDR   R0 R3 #0
(303F) F021  1111000000100001 (  91)                 TRAP  x21
(3040) E0E5  1110000011100101 (  93)                 LEA   R0 SortList
(3041) F022  1111000000100010 (  94)                 TRAP  x22
(3042) E002  1110000000000010 (  96)                 LEA   R0 UserInput
(3043) F022  1111000000100010 (  97)                 TRAP  x22
(3044) F025  1111000000100101 (  99)                 TRAP  x25
(3045) 0000  0000000000000000 ( 102) UserInput       .FILL x0000
(3046) 0000  0000000000000000 ( 102)                 .FILL x0000
(3047) 0000  0000000000000000 ( 102)                 .FILL x0000
(3048) 0000  0000000000000000 ( 102)                 .FILL x0000
(3049) 0000  0000000000000000 ( 102)                 .FILL x0000
(304A) 0000  0000000000000000 ( 102)                 .FILL x0000
(304B) 0000  0000000000000000 ( 102)                 .FILL x0000
(304C) 0000  0000000000000000 ( 102)                 .FILL x0000
(304D) 0000  0000000000000000 ( 102)                 .FILL x0000
(304E) 0000  0000000000000000 ( 102)                 .FILL x0000
(304F) 0000  0000000000000000 ( 102)                 .FILL x0000
(3050) 0000  0000000000000000 ( 102)                 .FILL x0000
(3051) 0000  0000000000000000 ( 102)                 .FILL x0000
(3052) 0000  0000000000000000 ( 102)                 .FILL x0000
(3053) 0000  0000000000000000 ( 102)                 .FILL x0000
(3054) 0000  0000000000000000 ( 102)                 .FILL x0000
(3055) 0000  0000000000000000 ( 102)                 .FILL x0000
(3056) 0000  0000000000000000 ( 102)                 .FILL x0000
(3057) 0000  0000000000000000 ( 102)                 .FILL x0000
(3058) 0000  0000000000000000 ( 102)                 .FILL x0000
(3059) 0030  0000000000110000 ( 102) CharacterZero   .FILL x0030
(305A) FFE0  1111111111100000 ( 103) SpaceChar       .FILL xFFE0
(305B) 004C  0000000001001100 ( 105) StudentDetails  .FILL x004C
(305C) 0079  0000000001111001 ( 105)                 .FILL x0079
(305D) 006C  0000000001101100 ( 105)                 .FILL x006C
(305E) 0065  0000000001100101 ( 105)                 .FILL x0065
(305F) 0020  0000000000100000 ( 105)                 .FILL x0020
(3060) 0042  0000000001000010 ( 105)                 .FILL x0042
(3061) 0072  0000000001110010 ( 105)                 .FILL x0072
(3062) 0061  0000000001100001 ( 105)                 .FILL x0061
(3063) 006E  0000000001101110 ( 105)                 .FILL x006E
(3064) 007A  0000000001111010 ( 105)                 .FILL x007A
(3065) 0075  0000000001110101 ( 105)                 .FILL x0075
(3066) 0065  0000000001100101 ( 105)                 .FILL x0065
(3067) 006C  0000000001101100 ( 105)                 .FILL x006C
(3068) 0061  0000000001100001 ( 105)                 .FILL x0061
(3069) 002C  0000000000101100 ( 105)                 .FILL x002C
(306A) 0020  0000000000100000 ( 105)                 .FILL x0020
(306B) 0049  0000000001001001 ( 105)                 .FILL x0049
(306C) 0044  0000000001000100 ( 105)                 .FILL x0044
(306D) 0020  0000000000100000 ( 105)                 .FILL x0020
(306E) 004E  0000000001001110 ( 105)                 .FILL x004E
(306F) 0075  0000000001110101 ( 105)                 .FILL x0075
(3070) 006D  0000000001101101 ( 105)                 .FILL x006D
(3071) 0062  0000000001100010 ( 105)                 .FILL x0062
(3072) 0065  0000000001100101 ( 105)                 .FILL x0065
(3073) 0072  0000000001110010 ( 105)                 .FILL x0072
(3074) 003A  0000000000111010 ( 105)                 .FILL x003A
(3075) 0020  0000000000100000 ( 105)                 .FILL x0020
(3076) 0031  0000000000110001 ( 105)                 .FILL x0031
(3077) 0037  0000000000110111 ( 105)                 .FILL x0037
(3078) 0039  0000000000111001 ( 105)                 .FILL x0039
(3079) 0038  0000000000111000 ( 105)                 .FILL x0038
(307A) 0032  0000000000110010 ( 105)                 .FILL x0032
(307B) 0038  0000000000111000 ( 105)                 .FILL x0038
(307C) 0031  0000000000110001 ( 105)                 .FILL x0031
(307D) 0031  0000000000110001 ( 105)                 .FILL x0031
(307E) 000A  0000000000001010 ( 105)                 .FILL x000A
(307F) 0000  0000000000000000 ( 105)                 .FILL x0000
(3080) 0050  0000000001010000 ( 106) Question        .FILL x0050
(3081) 006C  0000000001101100 ( 106)                 .FILL x006C
(3082) 0065  0000000001100101 ( 106)                 .FILL x0065
(3083) 0061  0000000001100001 ( 106)                 .FILL x0061
(3084) 0073  0000000001110011 ( 106)                 .FILL x0073
(3085) 0065  0000000001100101 ( 106)                 .FILL x0065
(3086) 0020  0000000000100000 ( 106)                 .FILL x0020
(3087) 0065  0000000001100101 ( 106)                 .FILL x0065
(3088) 006E  0000000001101110 ( 106)                 .FILL x006E
(3089) 0074  0000000001110100 ( 106)                 .FILL x0074
(308A) 0065  0000000001100101 ( 106)                 .FILL x0065
(308B) 0072  0000000001110010 ( 106)                 .FILL x0072
(308C) 0020  0000000000100000 ( 106)                 .FILL x0020
(308D) 0061  0000000001100001 ( 106)                 .FILL x0061
(308E) 0020  0000000000100000 ( 106)                 .FILL x0020
(308F) 006C  0000000001101100 ( 106)                 .FILL x006C
(3090) 0069  0000000001101001 ( 106)                 .FILL x0069
(3091) 0073  0000000001110011 ( 106)                 .FILL x0073
(3092) 0074  0000000001110100 ( 106)                 .FILL x0074
(3093) 0020  0000000000100000 ( 106)                 .FILL x0020
(3094) 006F  0000000001101111 ( 106)                 .FILL x006F
(3095) 0066  0000000001100110 ( 106)                 .FILL x0066
(3096) 0020  0000000000100000 ( 106)                 .FILL x0020
(3097) 006E  0000000001101110 ( 106)                 .FILL x006E
(3098) 0075  0000000001110101 ( 106)                 .FILL x0075
(3099) 006D  0000000001101101 ( 106)                 .FILL x006D
(309A) 0062  0000000001100010 ( 106)                 .FILL x0062
(309B) 0065  0000000001100101 ( 106)                 .FILL x0065
(309C) 0072  0000000001110010 ( 106)                 .FILL x0072
(309D) 0073  0000000001110011 ( 106)                 .FILL x0073
(309E) 0020  0000000000100000 ( 106)                 .FILL x0020
(309F) 0066  0000000001100110 ( 106)                 .FILL x0066
(30A0) 0072  0000000001110010 ( 106)                 .FILL x0072
(30A1) 006F  0000000001101111 ( 106)                 .FILL x006F
(30A2) 006D  0000000001101101 ( 106)                 .FILL x006D
(30A3) 0020  0000000000100000 ( 106)                 .FILL x0020
(30A4) 0031  0000000000110001 ( 106)                 .FILL x0031
(30A5) 002D  0000000000101101 ( 106)                 .FILL x002D
(30A6) 0039  0000000000111001 ( 106)                 .FILL x0039
(30A7) 0020  0000000000100000 ( 106)                 .FILL x0020
(30A8) 0073  0000000001110011 ( 106)                 .FILL x0073
(30A9) 0065  0000000001100101 ( 106)                 .FILL x0065
(30AA) 0070  0000000001110000 ( 106)                 .FILL x0070
(30AB) 0061  0000000001100001 ( 106)                 .FILL x0061
(30AC) 0072  0000000001110010 ( 106)                 .FILL x0072
(30AD) 0061  0000000001100001 ( 106)                 .FILL x0061
(30AE) 0074  0000000001110100 ( 106)                 .FILL x0074
(30AF) 0065  0000000001100101 ( 106)                 .FILL x0065
(30B0) 0064  0000000001100100 ( 106)                 .FILL x0064
(30B1) 0020  0000000000100000 ( 106)                 .FILL x0020
(30B2) 0062  0000000001100010 ( 106)                 .FILL x0062
(30B3) 0079  0000000001111001 ( 106)                 .FILL x0079
(30B4) 0020  0000000000100000 ( 106)                 .FILL x0020
(30B5) 0073  0000000001110011 ( 106)                 .FILL x0073
(30B6) 0070  0000000001110000 ( 106)                 .FILL x0070
(30B7) 0061  0000000001100001 ( 106)                 .FILL x0061
(30B8) 0063  0000000001100011 ( 106)                 .FILL x0063
(30B9) 0065  0000000001100101 ( 106)                 .FILL x0065
(30BA) 0073  0000000001110011 ( 106)                 .FILL x0073
(30BB) 003A  0000000000111010 ( 106)                 .FILL x003A
(30BC) 0020  0000000000100000 ( 106)                 .FILL x0020
(30BD) 0000  0000000000000000 ( 106)                 .FILL x0000
(30BE) 000A  0000000000001010 ( 107) EnteredAnswer   .FILL x000A
(30BF) 0059  0000000001011001 ( 107)                 .FILL x0059
(30C0) 006F  0000000001101111 ( 107)                 .FILL x006F
(30C1) 0075  0000000001110101 ( 107)                 .FILL x0075
(30C2) 0020  0000000000100000 ( 107)                 .FILL x0020
(30C3) 0068  0000000001101000 ( 107)                 .FILL x0068
(30C4) 0061  0000000001100001 ( 107)                 .FILL x0061
(30C5) 0076  0000000001110110 ( 107)                 .FILL x0076
(30C6) 0065  0000000001100101 ( 107)                 .FILL x0065
(30C7) 0020  0000000000100000 ( 107)                 .FILL x0020
(30C8) 0065  0000000001100101 ( 107)                 .FILL x0065
(30C9) 006E  0000000001101110 ( 107)                 .FILL x006E
(30CA) 0074  0000000001110100 ( 107)                 .FILL x0074
(30CB) 0065  0000000001100101 ( 107)                 .FILL x0065
(30CC) 0072  0000000001110010 ( 107)                 .FILL x0072
(30CD) 0065  0000000001100101 ( 107)                 .FILL x0065
(30CE) 0064  0000000001100100 ( 107)                 .FILL x0064
(30CF) 003A  0000000000111010 ( 107)                 .FILL x003A
(30D0) 0020  0000000000100000 ( 107)                 .FILL x0020
(30D1) 0000  0000000000000000 ( 107)                 .FILL x0000
(30D2) 000A  0000000000001010 ( 108) NumberOfChar    .FILL x000A
(30D3) 0054  0000000001010100 ( 108)                 .FILL x0054
(30D4) 0068  0000000001101000 ( 108)                 .FILL x0068
(30D5) 0065  0000000001100101 ( 108)                 .FILL x0065
(30D6) 0072  0000000001110010 ( 108)                 .FILL x0072
(30D7) 0065  0000000001100101 ( 108)                 .FILL x0065
(30D8) 0020  0000000000100000 ( 108)                 .FILL x0020
(30D9) 0061  0000000001100001 ( 108)                 .FILL x0061
(30DA) 0072  0000000001110010 ( 108)                 .FILL x0072
(30DB) 0065  0000000001100101 ( 108)                 .FILL x0065
(30DC) 0020  0000000000100000 ( 108)                 .FILL x0020
(30DD) 0000  0000000000000000 ( 108)                 .FILL x0000
(30DE) 0020  0000000000100000 ( 109) InTheList       .FILL x0020
(30DF) 006E  0000000001101110 ( 109)                 .FILL x006E
(30E0) 0075  0000000001110101 ( 109)                 .FILL x0075
(30E1) 006D  0000000001101101 ( 109)                 .FILL x006D
(30E2) 0062  0000000001100010 ( 109)                 .FILL x0062
(30E3) 0065  0000000001100101 ( 109)                 .FILL x0065
(30E4) 0072  0000000001110010 ( 109)                 .FILL x0072
(30E5) 0073  0000000001110011 ( 109)                 .FILL x0073
(30E6) 0020  0000000000100000 ( 109)                 .FILL x0020
(30E7) 0069  0000000001101001 ( 109)                 .FILL x0069
(30E8) 006E  0000000001101110 ( 109)                 .FILL x006E
(30E9) 0020  0000000000100000 ( 109)                 .FILL x0020
(30EA) 0074  0000000001110100 ( 109)                 .FILL x0074
(30EB) 0068  0000000001101000 ( 109)                 .FILL x0068
(30EC) 0065  0000000001100101 ( 109)                 .FILL x0065
(30ED) 0020  0000000000100000 ( 109)                 .FILL x0020
(30EE) 006C  0000000001101100 ( 109)                 .FILL x006C
(30EF) 0069  0000000001101001 ( 109)                 .FILL x0069
(30F0) 0073  0000000001110011 ( 109)                 .FILL x0073
(30F1) 0074  0000000001110100 ( 109)                 .FILL x0074
(30F2) 000A  0000000000001010 ( 109)                 .FILL x000A
(30F3) 0000  0000000000000000 ( 109)                 .FILL x0000
(30F4) 0054  0000000001010100 ( 110) SmallestNumberText .FILL x0054
(30F5) 0068  0000000001101000 ( 110)                 .FILL x0068
(30F6) 0065  0000000001100101 ( 110)                 .FILL x0065
(30F7) 0020  0000000000100000 ( 110)                 .FILL x0020
(30F8) 0073  0000000001110011 ( 110)                 .FILL x0073
(30F9) 006D  0000000001101101 ( 110)                 .FILL x006D
(30FA) 0061  0000000001100001 ( 110)                 .FILL x0061
(30FB) 006C  0000000001101100 ( 110)                 .FILL x006C
(30FC) 006C  0000000001101100 ( 110)                 .FILL x006C
(30FD) 0065  0000000001100101 ( 110)                 .FILL x0065
(30FE) 0073  0000000001110011 ( 110)                 .FILL x0073
(30FF) 0074  0000000001110100 ( 110)                 .FILL x0074
(3100) 0020  0000000000100000 ( 110)                 .FILL x0020
(3101) 006E  0000000001101110 ( 110)                 .FILL x006E
(3102) 0075  0000000001110101 ( 110)                 .FILL x0075
(3103) 006D  0000000001101101 ( 110)                 .FILL x006D
(3104) 0062  0000000001100010 ( 110)                 .FILL x0062
(3105) 0065  0000000001100101 ( 110)                 .FILL x0065
(3106) 0072  0000000001110010 ( 110)                 .FILL x0072
(3107) 0020  0000000000100000 ( 110)                 .FILL x0020
(3108) 0069  0000000001101001 ( 110)                 .FILL x0069
(3109) 0073  0000000001110011 ( 110)                 .FILL x0073
(310A) 003A  0000000000111010 ( 110)                 .FILL x003A
(310B) 0020  0000000000100000 ( 110)                 .FILL x0020
(310C) 0000  0000000000000000 ( 110)                 .FILL x0000
(310D) 000A  0000000000001010 ( 111) LargestNumberText .FILL x000A
(310E) 0054  0000000001010100 ( 111)                 .FILL x0054
(310F) 0068  0000000001101000 ( 111)                 .FILL x0068
(3110) 0065  0000000001100101 ( 111)                 .FILL x0065
(3111) 0020  0000000000100000 ( 111)                 .FILL x0020
(3112) 006C  0000000001101100 ( 111)                 .FILL x006C
(3113) 0061  0000000001100001 ( 111)                 .FILL x0061
(3114) 0072  0000000001110010 ( 111)                 .FILL x0072
(3115) 0067  0000000001100111 ( 111)                 .FILL x0067
(3116) 0065  0000000001100101 ( 111)                 .FILL x0065
(3117) 0073  0000000001110011 ( 111)                 .FILL x0073
(3118) 0074  0000000001110100 ( 111)                 .FILL x0074
(3119) 0020  0000000000100000 ( 111)                 .FILL x0020
(311A) 006E  0000000001101110 ( 111)                 .FILL x006E
(311B) 0075  0000000001110101 ( 111)                 .FILL x0075
(311C) 006D  0000000001101101 ( 111)                 .FILL x006D
(311D) 0062  0000000001100010 ( 111)                 .FILL x0062
(311E) 0065  0000000001100101 ( 111)                 .FILL x0065
(311F) 0072  0000000001110010 ( 111)                 .FILL x0072
(3120) 0020  0000000000100000 ( 111)                 .FILL x0020
(3121) 0069  0000000001101001 ( 111)                 .FILL x0069
(3122) 0073  0000000001110011 ( 111)                 .FILL x0073
(3123) 003A  0000000000111010 ( 111)                 .FILL x003A
(3124) 0020  0000000000100000 ( 111)                 .FILL x0020
(3125) 0000  0000000000000000 ( 111)                 .FILL x0000
(3126) 000A  0000000000001010 ( 112) SortList        .FILL x000A
(3127) 0054  0000000001010100 ( 112)                 .FILL x0054
(3128) 0068  0000000001101000 ( 112)                 .FILL x0068
(3129) 0065  0000000001100101 ( 112)                 .FILL x0065
(312A) 0020  0000000000100000 ( 112)                 .FILL x0020
(312B) 0073  0000000001110011 ( 112)                 .FILL x0073
(312C) 006F  0000000001101111 ( 112)                 .FILL x006F
(312D) 0072  0000000001110010 ( 112)                 .FILL x0072
(312E) 0074  0000000001110100 ( 112)                 .FILL x0074
(312F) 0065  0000000001100101 ( 112)                 .FILL x0065
(3130) 0064  0000000001100100 ( 112)                 .FILL x0064
(3131) 0020  0000000000100000 ( 112)                 .FILL x0020
(3132) 006C  0000000001101100 ( 112)                 .FILL x006C
(3133) 0069  0000000001101001 ( 112)                 .FILL x0069
(3134) 0073  0000000001110011 ( 112)                 .FILL x0073
(3135) 0074  0000000001110100 ( 112)                 .FILL x0074
(3136) 0020  0000000000100000 ( 112)                 .FILL x0020
(3137) 0069  0000000001101001 ( 112)                 .FILL x0069
(3138) 0073  0000000001110011 ( 112)                 .FILL x0073
(3139) 003A  0000000000111010 ( 112)                 .FILL x003A
(313A) 0020  0000000000100000 ( 112)                 .FILL x0020
(313B) 0000  0000000000000000 ( 112)                 .FILL x0000
